<?xml version='1.0' encoding='utf-8'?>
<testsuites name="cocotb tests"><testsuite name="test_systolic" errors="0" failures="0" skipped="0" tests="1" time="0.010" timestamp="2026-09-14T21:19:11.493245+00:00" hostname="omega"><testcase classname="test_systolic" name="test_matmul_stream" time="0.010"><properties><property name="cocotb" value="True" /><property name="random_seed" value="1789420751" /><property name="file" value="/home/vraj/Hardware/TPU/test_systolic.py" /><property name="line" value="38" /><property name="sim_time_unit" value="ns" /><property name="sim_time_start" value="0.0" /><property name="sim_time_stop" value="240.0" /><property name="sim_time_duration" value="240.0" /><property name="sim_time_ratio" value="24390.266205449552" /></properties></testcase></testsuite></testsuites>